<?xml version="1.0" encoding="UTF-8"?>
<robot generator="Robot 6.1.1 (Python 3.11.5 on win32)" generated="20231003 18:24:44.209" rpa="false" schemaversion="4">
<suite id="s1" name="Dragdrop" source="C:\QAx\projects\yodapp-robot\tests\dragdrop.robot">
<test id="s1-t1" name="Deve arrastar e soltar regitro" line="10">
<kw name="Start session" library="base">
<kw name="Open Application" library="AppiumLibrary">
<arg>http://localhost:4723</arg>
<arg>platformName=Android</arg>
<arg>deviceName=Android Emulator</arg>
<arg>automationName=UIAutomator2</arg>
<arg>app=${EXECDIR}//app/yodapp-beta.apk</arg>
<arg>udid=emulator-5554</arg>
<arg>autoGrantPermissions=true</arg>
<doc>Opens a new application to given Appium server.
Capabilities of appium server, Android and iOS,
Please check https://github.com/appium/appium/blob/master/docs/en/writing-running-appium/server-args.md
| *Option*            | *Man.* | *Description*     |
| remote_url          | Yes    | Appium server url |
| alias               | no     | alias             |
| strict_ssl          | No     | allows you to send commands to an invalid certificate host like a self-signed one. |</doc>
<status status="PASS" starttime="20231003 18:24:44.390" endtime="20231003 18:24:52.065"/>
</kw>
<status status="PASS" starttime="20231003 18:24:44.390" endtime="20231003 18:24:52.065"/>
</kw>
<kw name="Get started" library="base">
<kw name="Wait Until Page Contains" library="AppiumLibrary">
<arg>${START}</arg>
<doc>Waits until `text` appears on current page.</doc>
<status status="PASS" starttime="20231003 18:24:52.066" endtime="20231003 18:24:57.279"/>
</kw>
<kw name="Click Text" library="AppiumLibrary">
<arg>${START}</arg>
<doc>Click text identified by ``text``.</doc>
<msg timestamp="20231003 18:24:57.867" level="INFO">xpath criteria: //*[contains(@text,"QAX")]</msg>
<status status="PASS" starttime="20231003 18:24:57.279" endtime="20231003 18:24:57.867"/>
</kw>
<status status="PASS" starttime="20231003 18:24:52.066" endtime="20231003 18:24:57.867"/>
</kw>
<kw name="Navigate to" library="base">
<arg>Star Wars</arg>
<kw name="Set Variable" library="BuiltIn">
<var>${MENU}</var>
<arg>//android.widget.ImageButton[@content-desc="Open navigation drawer"]</arg>
<doc>Returns the given values which can then be assigned to a variables.</doc>
<msg timestamp="20231003 18:24:57.868" level="INFO">${MENU} = //android.widget.ImageButton[@content-desc="Open navigation drawer"]</msg>
<status status="PASS" starttime="20231003 18:24:57.868" endtime="20231003 18:24:57.868"/>
</kw>
<kw name="Wait Until Element Is Visible" library="AppiumLibrary">
<arg>${MENU}</arg>
<arg>5</arg>
<doc>Waits until element specified with `locator` is visible.</doc>
<msg timestamp="20231003 18:24:59.045" level="INFO">xpath criteria: //android.widget.ImageButton[@content-desc="Open navigation drawer"]
xpath criteria: //android.widget.ImageButton[@content-desc="Open navigation drawer"]</msg>
<status status="PASS" starttime="20231003 18:24:57.868" endtime="20231003 18:24:59.045"/>
</kw>
<kw name="Click Element" library="AppiumLibrary">
<arg>${MENU}</arg>
<doc>Click element identified by `locator`.</doc>
<msg timestamp="20231003 18:24:59.045" level="INFO">Clicking element '//android.widget.ImageButton[@content-desc="Open navigation drawer"]'.</msg>
<msg timestamp="20231003 18:24:59.163" level="INFO">xpath criteria: //android.widget.ImageButton[@content-desc="Open navigation drawer"]</msg>
<status status="PASS" starttime="20231003 18:24:59.045" endtime="20231003 18:24:59.163"/>
</kw>
<kw name="Set Variable" library="BuiltIn">
<var>${CLIQUE_BOTOES}</var>
<arg>xpath=//*[@resource-id="com.qaxperience.yodapp:id/navView"]//*[@text="${item_text}"]</arg>
<doc>Returns the given values which can then be assigned to a variables.</doc>
<msg timestamp="20231003 18:24:59.163" level="INFO">${CLIQUE_BOTOES} = xpath=//*[@resource-id="com.qaxperience.yodapp:id/navView"]//*[@text="Star Wars"]</msg>
<status status="PASS" starttime="20231003 18:24:59.163" endtime="20231003 18:24:59.163"/>
</kw>
<kw name="Wait Until Element Is Visible" library="AppiumLibrary">
<arg>${CLIQUE_BOTOES}</arg>
<arg>5</arg>
<doc>Waits until element specified with `locator` is visible.</doc>
<msg timestamp="20231003 18:25:00.101" level="INFO">xpath criteria: //*[@resource-id="com.qaxperience.yodapp:id/navView"]//*[@text="Star Wars"]</msg>
<status status="PASS" starttime="20231003 18:24:59.163" endtime="20231003 18:25:00.102"/>
</kw>
<kw name="Click Element" library="AppiumLibrary">
<arg>${CLIQUE_BOTOES}</arg>
<doc>Click element identified by `locator`.</doc>
<msg timestamp="20231003 18:25:00.102" level="INFO">Clicking element 'xpath=//*[@resource-id="com.qaxperience.yodapp:id/navView"]//*[@text="Star Wars"]'.</msg>
<msg timestamp="20231003 18:25:00.313" level="INFO">xpath criteria: //*[@resource-id="com.qaxperience.yodapp:id/navView"]//*[@text="Star Wars"]</msg>
<status status="PASS" starttime="20231003 18:25:00.102" endtime="20231003 18:25:00.313"/>
</kw>
<status status="PASS" starttime="20231003 18:24:57.868" endtime="20231003 18:25:00.313"/>
</kw>
<kw name="Go to item" library="base">
<arg>Lista</arg>
<arg>Luke Skywalker</arg>
<kw name="Wait Until Page Contains" library="AppiumLibrary">
<arg>${item}</arg>
<doc>Waits until `text` appears on current page.</doc>
<status status="PASS" starttime="20231003 18:25:00.315" endtime="20231003 18:25:00.808"/>
</kw>
<kw name="Click Text" library="AppiumLibrary">
<arg>${item}</arg>
<doc>Click text identified by ``text``.</doc>
<msg timestamp="20231003 18:25:01.348" level="INFO">xpath criteria: //*[contains(@text,"Lista")]</msg>
<status status="PASS" starttime="20231003 18:25:00.810" endtime="20231003 18:25:01.348"/>
</kw>
<kw name="Wait Until Page Contains" library="AppiumLibrary">
<arg>${checkpoint}</arg>
<doc>Waits until `text` appears on current page.</doc>
<status status="PASS" starttime="20231003 18:25:01.348" endtime="20231003 18:25:02.831"/>
</kw>
<status status="PASS" starttime="20231003 18:25:00.314" endtime="20231003 18:25:02.831"/>
</kw>
<kw name="Set Variable" library="BuiltIn">
<var>${origin}</var>
<arg>//android.widget.TextView[@text= "@skywalker"]/ ../ ../ ..//*[contains(@resource-id, "drag_handle")]</arg>
<doc>Returns the given values which can then be assigned to a variables.</doc>
<msg timestamp="20231003 18:25:02.831" level="INFO">${origin} = //android.widget.TextView[@text= "@skywalker"]/ ../ ../ ..//*[contains(@resource-id, "drag_handle")]</msg>
<status status="PASS" starttime="20231003 18:25:02.831" endtime="20231003 18:25:02.831"/>
</kw>
<kw name="Set Variable" library="BuiltIn">
<var>${target}</var>
<arg>//android.widget.TextView[@text= "@mando"]/ ../ ../ ..//*[contains(@resource-id, "drag_handle")]</arg>
<doc>Returns the given values which can then be assigned to a variables.</doc>
<msg timestamp="20231003 18:25:02.831" level="INFO">${target} = //android.widget.TextView[@text= "@mando"]/ ../ ../ ..//*[contains(@resource-id, "drag_handle")]</msg>
<status status="PASS" starttime="20231003 18:25:02.831" endtime="20231003 18:25:02.831"/>
</kw>
<kw name="My Drag And Drop" library="extend">
<arg>${origin}</arg>
<arg>${target}</arg>
<status status="PASS" starttime="20231003 18:25:02.831" endtime="20231003 18:25:14.713"/>
</kw>
<kw name="Sleep" library="BuiltIn">
<arg>3</arg>
<doc>Pauses the test executed for the given time.</doc>
<msg timestamp="20231003 18:25:17.714" level="INFO">Slept 3 seconds</msg>
<status status="PASS" starttime="20231003 18:25:14.713" endtime="20231003 18:25:17.714"/>
</kw>
<kw name="Close session" library="base">
<kw name="Close Application" library="AppiumLibrary">
<doc>Closes the current application and also close webdriver session.</doc>
<status status="PASS" starttime="20231003 18:25:17.715" endtime="20231003 18:25:18.000"/>
</kw>
<status status="PASS" starttime="20231003 18:25:17.715" endtime="20231003 18:25:18.000"/>
</kw>
<status status="PASS" starttime="20231003 18:24:44.390" endtime="20231003 18:25:18.000"/>
</test>
<status status="PASS" starttime="20231003 18:24:44.210" endtime="20231003 18:25:18.002"/>
</suite>
<statistics>
<total>
<stat pass="1" fail="0" skip="0">All Tests</stat>
</total>
<tag>
</tag>
<suite>
<stat pass="1" fail="0" skip="0" id="s1" name="Dragdrop">Dragdrop</stat>
</suite>
</statistics>
<errors>
</errors>
</robot>
